STOCK MARKET SCREEN

Symbol     Price      Change    
AAPL       265.10     -4.93     
GOOGL      204.82     0.11      
AMZN       402.43     -3.75     
MSFT       467.14     -2.92     
FB         162.53     -1.38     

-----------------------------------

AAPL       155.05     2.49      
GOOGL      279.54     4.42      
AMZN       341.78     1.79      
MSFT       450.84     -3.68     
FB         473.49     -3.31     

-----------------------------------

AAPL       391.11     -0.62     
GOOGL      141.09     -4.77     
AMZN       155.82     0.96      
MSFT       126.73     3.14      
FB         142.96     4.00      

-----------------------------------

AAPL       271.12     0.50      
GOOGL      173.90     3.37      
AMZN       387.83     -4.10     
MSFT       220.46     3.42      
FB         289.47     -2.58     

-----------------------------------

AAPL       432.16     4.06      
GOOGL      132.21     -0.71     
AMZN       259.16     0.84      
MSFT       124.90     -2.64     
FB         325.14     -3.19     

-----------------------------------

AAPL       234.91     -0.75     
GOOGL      281.65     -1.88     
AMZN       176.70     -4.29     
MSFT       189.14     -0.16     
FB         465.74     -2.03     

-----------------------------------

AAPL       499.55     1.64      
GOOGL      387.78     1.33      
AMZN       164.43     -4.62     
MSFT       299.06     2.60      
FB         230.85     -1.58     

-----------------------------------

AAPL       144.05     -1.53     
GOOGL      359.82     -4.61     
AMZN       178.55     4.91      
MSFT       196.15     4.15      
FB         419.50     3.01      

-----------------------------------

AAPL       119.43     -1.81     
GOOGL      263.08     2.44      
AMZN       239.10     0.97      
MSFT       380.52     1.55      
FB         364.42     -4.39     

-----------------------------------

AAPL       344.69     -2.37     
GOOGL      420.00     -0.57     
AMZN       480.57     -1.22     
MSFT       376.60     3.59      
FB         457.76     -4.60     

-----------------------------------

AAPL       143.59     3.40      
GOOGL      251.05     -0.89     
AMZN       185.91     -0.45     
MSFT       114.70     0.25      
FB         129.14     -0.80     

-----------------------------------

AAPL       176.16     0.07      
GOOGL      341.06     2.54      
AMZN       457.97     -4.14     
MSFT       139.26     2.81      
FB         489.07     -0.46     

-----------------------------------

